Started GET "/" for 127.0.0.1 at 2017-05-30 11:13:20 +0200
Processing by Rails::WelcomeController#index as HTML
  Parameters: {"internal"=>true}
  Rendering /Users/sachamalka/.rbenv/versions/2.3.1/lib/ruby/gems/2.3.0/gems/railties-5.0.3/lib/rails/templates/rails/welcome/index.html.erb
  Rendered /Users/sachamalka/.rbenv/versions/2.3.1/lib/ruby/gems/2.3.0/gems/railties-5.0.3/lib/rails/templates/rails/welcome/index.html.erb (8.1ms)
Completed 200 OK in 34ms (Views: 16.2ms | ActiveRecord: 0.0ms)


Started GET "/hello" for 127.0.0.1 at 2017-05-30 11:14:36 +0200
  
ActionController::RoutingError (No route matches [GET] "/hello"):
  
actionpack (5.0.3) lib/action_dispatch/middleware/debug_exceptions.rb:53:in `call'
web-console (3.5.1) lib/web_console/middleware.rb:135:in `call_app'
web-console (3.5.1) lib/web_console/middleware.rb:28:in `block in call'
web-console (3.5.1) lib/web_console/middleware.rb:18:in `catch'
web-console (3.5.1) lib/web_console/middleware.rb:18:in `call'
actionpack (5.0.3) lib/action_dispatch/middleware/show_exceptions.rb:31:in `call'
railties (5.0.3) lib/rails/rack/logger.rb:36:in `call_app'
railties (5.0.3) lib/rails/rack/logger.rb:24:in `block in call'
activesupport (5.0.3) lib/active_support/tagged_logging.rb:69:in `block in tagged'
activesupport (5.0.3) lib/active_support/tagged_logging.rb:26:in `tagged'
activesupport (5.0.3) lib/active_support/tagged_logging.rb:69:in `tagged'
railties (5.0.3) lib/rails/rack/logger.rb:24:in `call'
sprockets-rails (3.2.0) lib/sprockets/rails/quiet_assets.rb:13:in `call'
actionpack (5.0.3) lib/action_dispatch/middleware/request_id.rb:24:in `call'
rack (2.0.3) lib/rack/method_override.rb:22:in `call'
rack (2.0.3) lib/rack/runtime.rb:22:in `call'
activesupport (5.0.3) lib/active_support/cache/strategy/local_cache_middleware.rb:28:in `call'
actionpack (5.0.3) lib/action_dispatch/middleware/executor.rb:12:in `call'
actionpack (5.0.3) lib/action_dispatch/middleware/static.rb:136:in `call'
rack (2.0.3) lib/rack/sendfile.rb:111:in `call'
railties (5.0.3) lib/rails/engine.rb:522:in `call'
puma (3.8.2) lib/puma/configuration.rb:224:in `call'
puma (3.8.2) lib/puma/server.rb:600:in `handle_request'
puma (3.8.2) lib/puma/server.rb:435:in `process_client'
puma (3.8.2) lib/puma/server.rb:299:in `block in run'
puma (3.8.2) lib/puma/thread_pool.rb:120:in `block in spawn_thread'
  Rendering /Users/sachamalka/.rbenv/versions/2.3.1/lib/ruby/gems/2.3.0/gems/actionpack-5.0.3/lib/action_dispatch/middleware/templates/rescues/routing_error.html.erb within rescues/layout
  Rendering /Users/sachamalka/.rbenv/versions/2.3.1/lib/ruby/gems/2.3.0/gems/actionpack-5.0.3/lib/action_dispatch/middleware/templates/rescues/_trace.html.erb
  Rendered /Users/sachamalka/.rbenv/versions/2.3.1/lib/ruby/gems/2.3.0/gems/actionpack-5.0.3/lib/action_dispatch/middleware/templates/rescues/_trace.html.erb (1.1ms)
  Rendered /Users/sachamalka/.rbenv/versions/2.3.1/lib/ruby/gems/2.3.0/gems/actionpack-5.0.3/lib/action_dispatch/middleware/templates/routes/_table.html.erb (8.0ms)
  Rendering /Users/sachamalka/.rbenv/versions/2.3.1/lib/ruby/gems/2.3.0/gems/actionpack-5.0.3/lib/action_dispatch/middleware/templates/rescues/_request_and_response.html.erb
  Rendered /Users/sachamalka/.rbenv/versions/2.3.1/lib/ruby/gems/2.3.0/gems/actionpack-5.0.3/lib/action_dispatch/middleware/templates/rescues/_request_and_response.html.erb (1.4ms)
  Rendered /Users/sachamalka/.rbenv/versions/2.3.1/lib/ruby/gems/2.3.0/gems/actionpack-5.0.3/lib/action_dispatch/middleware/templates/rescues/routing_error.html.erb within rescues/layout (86.1ms)
Started GET "/hello" for 127.0.0.1 at 2017-05-30 11:14:46 +0200
  
ActionController::RoutingError (No route matches [GET] "/hello"):
  
actionpack (5.0.3) lib/action_dispatch/middleware/debug_exceptions.rb:53:in `call'
web-console (3.5.1) lib/web_console/middleware.rb:135:in `call_app'
web-console (3.5.1) lib/web_console/middleware.rb:28:in `block in call'
web-console (3.5.1) lib/web_console/middleware.rb:18:in `catch'
web-console (3.5.1) lib/web_console/middleware.rb:18:in `call'
actionpack (5.0.3) lib/action_dispatch/middleware/show_exceptions.rb:31:in `call'
railties (5.0.3) lib/rails/rack/logger.rb:36:in `call_app'
railties (5.0.3) lib/rails/rack/logger.rb:24:in `block in call'
activesupport (5.0.3) lib/active_support/tagged_logging.rb:69:in `block in tagged'
activesupport (5.0.3) lib/active_support/tagged_logging.rb:26:in `tagged'
activesupport (5.0.3) lib/active_support/tagged_logging.rb:69:in `tagged'
railties (5.0.3) lib/rails/rack/logger.rb:24:in `call'
sprockets-rails (3.2.0) lib/sprockets/rails/quiet_assets.rb:13:in `call'
actionpack (5.0.3) lib/action_dispatch/middleware/request_id.rb:24:in `call'
rack (2.0.3) lib/rack/method_override.rb:22:in `call'
rack (2.0.3) lib/rack/runtime.rb:22:in `call'
activesupport (5.0.3) lib/active_support/cache/strategy/local_cache_middleware.rb:28:in `call'
actionpack (5.0.3) lib/action_dispatch/middleware/executor.rb:12:in `call'
actionpack (5.0.3) lib/action_dispatch/middleware/static.rb:136:in `call'
rack (2.0.3) lib/rack/sendfile.rb:111:in `call'
railties (5.0.3) lib/rails/engine.rb:522:in `call'
puma (3.8.2) lib/puma/configuration.rb:224:in `call'
puma (3.8.2) lib/puma/server.rb:600:in `handle_request'
puma (3.8.2) lib/puma/server.rb:435:in `process_client'
puma (3.8.2) lib/puma/server.rb:299:in `block in run'
puma (3.8.2) lib/puma/thread_pool.rb:120:in `block in spawn_thread'
  Rendering /Users/sachamalka/.rbenv/versions/2.3.1/lib/ruby/gems/2.3.0/gems/actionpack-5.0.3/lib/action_dispatch/middleware/templates/rescues/routing_error.html.erb within rescues/layout
  Rendering /Users/sachamalka/.rbenv/versions/2.3.1/lib/ruby/gems/2.3.0/gems/actionpack-5.0.3/lib/action_dispatch/middleware/templates/rescues/_trace.html.erb
  Rendered /Users/sachamalka/.rbenv/versions/2.3.1/lib/ruby/gems/2.3.0/gems/actionpack-5.0.3/lib/action_dispatch/middleware/templates/rescues/_trace.html.erb (1.8ms)
  Rendered collection of /Users/sachamalka/.rbenv/versions/2.3.1/lib/ruby/gems/2.3.0/gems/actionpack-5.0.3/lib/action_dispatch/middleware/templates/routes/_route.html.erb [1 times] (7.8ms)
  Rendered /Users/sachamalka/.rbenv/versions/2.3.1/lib/ruby/gems/2.3.0/gems/actionpack-5.0.3/lib/action_dispatch/middleware/templates/routes/_table.html.erb (1.3ms)
  Rendering /Users/sachamalka/.rbenv/versions/2.3.1/lib/ruby/gems/2.3.0/gems/actionpack-5.0.3/lib/action_dispatch/middleware/templates/rescues/_request_and_response.html.erb
  Rendered /Users/sachamalka/.rbenv/versions/2.3.1/lib/ruby/gems/2.3.0/gems/actionpack-5.0.3/lib/action_dispatch/middleware/templates/rescues/_request_and_response.html.erb (1.3ms)
  Rendered /Users/sachamalka/.rbenv/versions/2.3.1/lib/ruby/gems/2.3.0/gems/actionpack-5.0.3/lib/action_dispatch/middleware/templates/rescues/routing_error.html.erb within rescues/layout (107.3ms)
Started GET "/" for 127.0.0.1 at 2017-05-30 11:39:24 +0200
  
ActiveRecord::PendingMigrationError (

Migrations are pending. To resolve this issue, run:

        bin/rails db:migrate RAILS_ENV=development

):
  
activerecord (5.0.3) lib/active_record/migration.rb:573:in `check_pending!'
activerecord (5.0.3) lib/active_record/migration.rb:549:in `call'
actionpack (5.0.3) lib/action_dispatch/middleware/callbacks.rb:38:in `block in call'
activesupport (5.0.3) lib/active_support/callbacks.rb:97:in `__run_callbacks__'
activesupport (5.0.3) lib/active_support/callbacks.rb:750:in `_run_call_callbacks'
activesupport (5.0.3) lib/active_support/callbacks.rb:90:in `run_callbacks'
actionpack (5.0.3) lib/action_dispatch/middleware/callbacks.rb:36:in `call'
actionpack (5.0.3) lib/action_dispatch/middleware/executor.rb:12:in `call'
actionpack (5.0.3) lib/action_dispatch/middleware/remote_ip.rb:79:in `call'
actionpack (5.0.3) lib/action_dispatch/middleware/debug_exceptions.rb:49:in `call'
web-console (3.5.1) lib/web_console/middleware.rb:135:in `call_app'
web-console (3.5.1) lib/web_console/middleware.rb:28:in `block in call'
web-console (3.5.1) lib/web_console/middleware.rb:18:in `catch'
web-console (3.5.1) lib/web_console/middleware.rb:18:in `call'
actionpack (5.0.3) lib/action_dispatch/middleware/show_exceptions.rb:31:in `call'
railties (5.0.3) lib/rails/rack/logger.rb:36:in `call_app'
railties (5.0.3) lib/rails/rack/logger.rb:24:in `block in call'
activesupport (5.0.3) lib/active_support/tagged_logging.rb:69:in `block in tagged'
activesupport (5.0.3) lib/active_support/tagged_logging.rb:26:in `tagged'
activesupport (5.0.3) lib/active_support/tagged_logging.rb:69:in `tagged'
railties (5.0.3) lib/rails/rack/logger.rb:24:in `call'
sprockets-rails (3.2.0) lib/sprockets/rails/quiet_assets.rb:13:in `call'
actionpack (5.0.3) lib/action_dispatch/middleware/request_id.rb:24:in `call'
rack (2.0.3) lib/rack/method_override.rb:22:in `call'
rack (2.0.3) lib/rack/runtime.rb:22:in `call'
activesupport (5.0.3) lib/active_support/cache/strategy/local_cache_middleware.rb:28:in `call'
actionpack (5.0.3) lib/action_dispatch/middleware/executor.rb:12:in `call'
actionpack (5.0.3) lib/action_dispatch/middleware/static.rb:136:in `call'
rack (2.0.3) lib/rack/sendfile.rb:111:in `call'
railties (5.0.3) lib/rails/engine.rb:522:in `call'
puma (3.8.2) lib/puma/configuration.rb:224:in `call'
puma (3.8.2) lib/puma/server.rb:600:in `handle_request'
puma (3.8.2) lib/puma/server.rb:435:in `process_client'
puma (3.8.2) lib/puma/server.rb:299:in `block in run'
puma (3.8.2) lib/puma/thread_pool.rb:120:in `block in spawn_thread'
  Rendering /Users/sachamalka/.rbenv/versions/2.3.1/lib/ruby/gems/2.3.0/gems/actionpack-5.0.3/lib/action_dispatch/middleware/templates/rescues/diagnostics.html.erb within rescues/layout
  Rendering /Users/sachamalka/.rbenv/versions/2.3.1/lib/ruby/gems/2.3.0/gems/actionpack-5.0.3/lib/action_dispatch/middleware/templates/rescues/_source.html.erb
  Rendered /Users/sachamalka/.rbenv/versions/2.3.1/lib/ruby/gems/2.3.0/gems/actionpack-5.0.3/lib/action_dispatch/middleware/templates/rescues/_source.html.erb (2.3ms)
  Rendering /Users/sachamalka/.rbenv/versions/2.3.1/lib/ruby/gems/2.3.0/gems/actionpack-5.0.3/lib/action_dispatch/middleware/templates/rescues/_trace.html.erb
  Rendered /Users/sachamalka/.rbenv/versions/2.3.1/lib/ruby/gems/2.3.0/gems/actionpack-5.0.3/lib/action_dispatch/middleware/templates/rescues/_trace.html.erb (1.6ms)
  Rendering /Users/sachamalka/.rbenv/versions/2.3.1/lib/ruby/gems/2.3.0/gems/actionpack-5.0.3/lib/action_dispatch/middleware/templates/rescues/_request_and_response.html.erb
  Rendered /Users/sachamalka/.rbenv/versions/2.3.1/lib/ruby/gems/2.3.0/gems/actionpack-5.0.3/lib/action_dispatch/middleware/templates/rescues/_request_and_response.html.erb (1.2ms)
  Rendered /Users/sachamalka/.rbenv/versions/2.3.1/lib/ruby/gems/2.3.0/gems/actionpack-5.0.3/lib/action_dispatch/middleware/templates/rescues/diagnostics.html.erb within rescues/layout (92.3ms)
Started GET "/" for 127.0.0.1 at 2017-05-30 11:46:41 +0200
  
ActiveRecord::PendingMigrationError (

Migrations are pending. To resolve this issue, run:

        bin/rails db:migrate RAILS_ENV=development

):
  
activerecord (5.0.3) lib/active_record/migration.rb:573:in `check_pending!'
activerecord (5.0.3) lib/active_record/migration.rb:549:in `call'
actionpack (5.0.3) lib/action_dispatch/middleware/callbacks.rb:38:in `block in call'
activesupport (5.0.3) lib/active_support/callbacks.rb:97:in `__run_callbacks__'
activesupport (5.0.3) lib/active_support/callbacks.rb:750:in `_run_call_callbacks'
activesupport (5.0.3) lib/active_support/callbacks.rb:90:in `run_callbacks'
actionpack (5.0.3) lib/action_dispatch/middleware/callbacks.rb:36:in `call'
actionpack (5.0.3) lib/action_dispatch/middleware/executor.rb:12:in `call'
actionpack (5.0.3) lib/action_dispatch/middleware/remote_ip.rb:79:in `call'
actionpack (5.0.3) lib/action_dispatch/middleware/debug_exceptions.rb:49:in `call'
web-console (3.5.1) lib/web_console/middleware.rb:135:in `call_app'
web-console (3.5.1) lib/web_console/middleware.rb:28:in `block in call'
web-console (3.5.1) lib/web_console/middleware.rb:18:in `catch'
web-console (3.5.1) lib/web_console/middleware.rb:18:in `call'
actionpack (5.0.3) lib/action_dispatch/middleware/show_exceptions.rb:31:in `call'
railties (5.0.3) lib/rails/rack/logger.rb:36:in `call_app'
railties (5.0.3) lib/rails/rack/logger.rb:24:in `block in call'
activesupport (5.0.3) lib/active_support/tagged_logging.rb:69:in `block in tagged'
activesupport (5.0.3) lib/active_support/tagged_logging.rb:26:in `tagged'
activesupport (5.0.3) lib/active_support/tagged_logging.rb:69:in `tagged'
railties (5.0.3) lib/rails/rack/logger.rb:24:in `call'
sprockets-rails (3.2.0) lib/sprockets/rails/quiet_assets.rb:13:in `call'
actionpack (5.0.3) lib/action_dispatch/middleware/request_id.rb:24:in `call'
rack (2.0.3) lib/rack/method_override.rb:22:in `call'
rack (2.0.3) lib/rack/runtime.rb:22:in `call'
activesupport (5.0.3) lib/active_support/cache/strategy/local_cache_middleware.rb:28:in `call'
actionpack (5.0.3) lib/action_dispatch/middleware/executor.rb:12:in `call'
actionpack (5.0.3) lib/action_dispatch/middleware/static.rb:136:in `call'
rack (2.0.3) lib/rack/sendfile.rb:111:in `call'
railties (5.0.3) lib/rails/engine.rb:522:in `call'
puma (3.8.2) lib/puma/configuration.rb:224:in `call'
puma (3.8.2) lib/puma/server.rb:600:in `handle_request'
puma (3.8.2) lib/puma/server.rb:435:in `process_client'
puma (3.8.2) lib/puma/server.rb:299:in `block in run'
puma (3.8.2) lib/puma/thread_pool.rb:120:in `block in spawn_thread'
  Rendering /Users/sachamalka/.rbenv/versions/2.3.1/lib/ruby/gems/2.3.0/gems/actionpack-5.0.3/lib/action_dispatch/middleware/templates/rescues/diagnostics.html.erb within rescues/layout
  Rendering /Users/sachamalka/.rbenv/versions/2.3.1/lib/ruby/gems/2.3.0/gems/actionpack-5.0.3/lib/action_dispatch/middleware/templates/rescues/_source.html.erb
  Rendered /Users/sachamalka/.rbenv/versions/2.3.1/lib/ruby/gems/2.3.0/gems/actionpack-5.0.3/lib/action_dispatch/middleware/templates/rescues/_source.html.erb (2.0ms)
  Rendering /Users/sachamalka/.rbenv/versions/2.3.1/lib/ruby/gems/2.3.0/gems/actionpack-5.0.3/lib/action_dispatch/middleware/templates/rescues/_trace.html.erb
  Rendered /Users/sachamalka/.rbenv/versions/2.3.1/lib/ruby/gems/2.3.0/gems/actionpack-5.0.3/lib/action_dispatch/middleware/templates/rescues/_trace.html.erb (1.5ms)
  Rendering /Users/sachamalka/.rbenv/versions/2.3.1/lib/ruby/gems/2.3.0/gems/actionpack-5.0.3/lib/action_dispatch/middleware/templates/rescues/_request_and_response.html.erb
  Rendered /Users/sachamalka/.rbenv/versions/2.3.1/lib/ruby/gems/2.3.0/gems/actionpack-5.0.3/lib/action_dispatch/middleware/templates/rescues/_request_and_response.html.erb (0.9ms)
  Rendered /Users/sachamalka/.rbenv/versions/2.3.1/lib/ruby/gems/2.3.0/gems/actionpack-5.0.3/lib/action_dispatch/middleware/templates/rescues/diagnostics.html.erb within rescues/layout (79.8ms)
  [1m[35m (1.0ms)[0m  [1m[35mCREATE TABLE "schema_migrations" ("version" varchar NOT NULL PRIMARY KEY)[0m
  [1m[35m (0.9ms)[0m  [1m[35mCREATE TABLE "ar_internal_metadata" ("key" varchar NOT NULL PRIMARY KEY, "value" varchar, "created_at" datetime NOT NULL, "updated_at" datetime NOT NULL)[0m
  [1m[36mActiveRecord::SchemaMigration Load (0.2ms)[0m  [1m[34mSELECT "schema_migrations".* FROM "schema_migrations"[0m
Migrating to CreateVideoGames (20170530092042)
  [1m[35m (0.1ms)[0m  [1m[36mbegin transaction[0m
  [1m[35m (0.4ms)[0m  [1m[35mCREATE TABLE "video_games" ("id" INTEGER PRIMARY KEY AUTOINCREMENT NOT NULL, "title" varchar, "description" varchar, "critic" varchar, "device" varchar, "editor" varchar, "created_at" datetime NOT NULL, "updated_at" datetime NOT NULL)[0m
  [1m[35mSQL (0.1ms)[0m  [1m[32mINSERT INTO "schema_migrations" ("version") VALUES (?)[0m  [["version", "20170530092042"]]
  [1m[35m (1.3ms)[0m  [1m[36mcommit transaction[0m
Migrating to CreateAnalyses (20170530093744)
  [1m[35m (0.1ms)[0m  [1m[36mbegin transaction[0m
  [1m[35m (0.3ms)[0m  [1m[35mCREATE TABLE "analyses" ("id" INTEGER PRIMARY KEY AUTOINCREMENT NOT NULL, "description" varchar, "video_game_id" integer, "author" varchar, "posted_ad" datetime, "created_at" datetime NOT NULL, "updated_at" datetime NOT NULL)[0m
  [1m[35mSQL (0.1ms)[0m  [1m[32mINSERT INTO "schema_migrations" ("version") VALUES (?)[0m  [["version", "20170530093744"]]
  [1m[35m (0.6ms)[0m  [1m[36mcommit transaction[0m
  [1m[36mActiveRecord::InternalMetadata Load (0.2ms)[0m  [1m[34mSELECT  "ar_internal_metadata".* FROM "ar_internal_metadata" WHERE "ar_internal_metadata"."key" = ? LIMIT ?[0m  [["key", "environment"], ["LIMIT", 1]]
  [1m[35m (0.0ms)[0m  [1m[36mbegin transaction[0m
  [1m[35mSQL (0.3ms)[0m  [1m[32mINSERT INTO "ar_internal_metadata" ("key", "value", "created_at", "updated_at") VALUES (?, ?, ?, ?)[0m  [["key", "environment"], ["value", "development"], ["created_at", "2017-05-30 09:47:01.757943"], ["updated_at", "2017-05-30 09:47:01.757943"]]
  [1m[35m (0.7ms)[0m  [1m[36mcommit transaction[0m
  [1m[36mActiveRecord::SchemaMigration Load (0.1ms)[0m  [1m[34mSELECT "schema_migrations".* FROM "schema_migrations"[0m
Started GET "/" for 127.0.0.1 at 2017-05-30 12:07:22 +0200
  [1m[36mActiveRecord::SchemaMigration Load (0.5ms)[0m  [1m[34mSELECT "schema_migrations".* FROM "schema_migrations"[0m
Processing by VideoGamesController#index as HTML
  Rendering video_games/index.html.erb within layouts/application
  [1m[36mVideoGame Load (0.5ms)[0m  [1m[34mSELECT "video_games".* FROM "video_games"[0m
  Rendered video_games/index.html.erb within layouts/application (9.8ms)
Completed 200 OK in 998ms (Views: 978.0ms | ActiveRecord: 0.7ms)


Started GET "/video_games/new" for 127.0.0.1 at 2017-05-30 12:07:28 +0200
Processing by VideoGamesController#new as HTML
  Rendering video_games/new.html.erb within layouts/application
  Rendered video_games/new.html.erb within layouts/application (32.8ms)
Completed 200 OK in 105ms (Views: 77.7ms | ActiveRecord: 0.4ms)


Started GET "/" for 127.0.0.1 at 2017-05-30 12:08:56 +0200
Processing by VideoGamesController#index as HTML
  Rendering video_games/index.html.erb within layouts/application
  [1m[36mVideoGame Load (0.1ms)[0m  [1m[34mSELECT "video_games".* FROM "video_games"[0m
  Rendered video_games/index.html.erb within layouts/application (4.2ms)
Completed 200 OK in 62ms (Views: 58.0ms | ActiveRecord: 0.1ms)


Started GET "/video_games/new" for 127.0.0.1 at 2017-05-30 12:08:58 +0200
Processing by VideoGamesController#new as HTML
  Rendering video_games/new.html.erb within layouts/application
  Rendered video_games/new.html.erb within layouts/application (3.5ms)
Completed 500 Internal Server Error in 13ms (ActiveRecord: 0.0ms)


  
SyntaxError (/Users/sachamalka/Desktop/ruby_project/treebook/app/views/video_games/new.html.erb:4: syntax error, unexpected ':', expecting ')'
...d placeholder: "Titre du jeu" :title );@output_buffer.safe_a...
...                               ^
/Users/sachamalka/Desktop/ruby_project/treebook/app/views/video_games/new.html.erb:5: syntax error, unexpected ':', expecting ')'
...eholder: "Description du jeu" :description );@output_buffer....
...                               ^
/Users/sachamalka/Desktop/ruby_project/treebook/app/views/video_games/new.html.erb:6: syntax error, unexpected ':', expecting ')'
..._field placeholder: "Editeur" :editor );@output_buffer.safe_...
...                               ^
/Users/sachamalka/Desktop/ruby_project/treebook/app/views/video_games/new.html.erb:7: syntax error, unexpected ':', expecting ')'
..._field placeholder: "Console" :device );@output_buffer.safe_...
...                               ^):
  
app/views/video_games/new.html.erb:4: syntax error, unexpected ':', expecting ')'
app/views/video_games/new.html.erb:5: syntax error, unexpected ':', expecting ')'
app/views/video_games/new.html.erb:6: syntax error, unexpected ':', expecting ')'
app/views/video_games/new.html.erb:7: syntax error, unexpected ':', expecting ')'
  Rendering /Users/sachamalka/.rbenv/versions/2.3.1/lib/ruby/gems/2.3.0/gems/actionpack-5.0.3/lib/action_dispatch/middleware/templates/rescues/diagnostics.html.erb within rescues/layout
  Rendering /Users/sachamalka/.rbenv/versions/2.3.1/lib/ruby/gems/2.3.0/gems/actionpack-5.0.3/lib/action_dispatch/middleware/templates/rescues/_source.html.erb
  Rendered /Users/sachamalka/.rbenv/versions/2.3.1/lib/ruby/gems/2.3.0/gems/actionpack-5.0.3/lib/action_dispatch/middleware/templates/rescues/_source.html.erb (3.5ms)
  Rendering /Users/sachamalka/.rbenv/versions/2.3.1/lib/ruby/gems/2.3.0/gems/actionpack-5.0.3/lib/action_dispatch/middleware/templates/rescues/_trace.html.erb
  Rendered /Users/sachamalka/.rbenv/versions/2.3.1/lib/ruby/gems/2.3.0/gems/actionpack-5.0.3/lib/action_dispatch/middleware/templates/rescues/_trace.html.erb (3.0ms)
  Rendering /Users/sachamalka/.rbenv/versions/2.3.1/lib/ruby/gems/2.3.0/gems/actionpack-5.0.3/lib/action_dispatch/middleware/templates/rescues/_request_and_response.html.erb
  Rendered /Users/sachamalka/.rbenv/versions/2.3.1/lib/ruby/gems/2.3.0/gems/actionpack-5.0.3/lib/action_dispatch/middleware/templates/rescues/_request_and_response.html.erb (0.7ms)
  Rendered /Users/sachamalka/.rbenv/versions/2.3.1/lib/ruby/gems/2.3.0/gems/actionpack-5.0.3/lib/action_dispatch/middleware/templates/rescues/diagnostics.html.erb within rescues/layout (82.7ms)
Started GET "/video_games/new" for 127.0.0.1 at 2017-05-30 12:09:49 +0200
Processing by VideoGamesController#new as HTML
  Rendering video_games/new.html.erb within layouts/application
  Rendered video_games/new.html.erb within layouts/application (2.0ms)
Completed 200 OK in 27ms (Views: 25.5ms | ActiveRecord: 0.0ms)


Started GET "/video_games/new" for 127.0.0.1 at 2017-05-30 12:11:24 +0200
Processing by VideoGamesController#new as HTML
  Rendering video_games/new.html.erb within layouts/application
  Rendered video_games/new.html.erb within layouts/application (4.9ms)
Completed 200 OK in 41ms (Views: 38.1ms | ActiveRecord: 0.0ms)


Started GET "/video_games/new" for 127.0.0.1 at 2017-05-30 12:11:46 +0200
Processing by VideoGamesController#new as HTML
  Rendering video_games/new.html.erb within layouts/application
  Rendered video_games/new.html.erb within layouts/application (2.1ms)
Completed 200 OK in 43ms (Views: 41.4ms | ActiveRecord: 0.0ms)


Started GET "/video_games" for 127.0.0.1 at 2017-05-30 12:11:49 +0200
Processing by VideoGamesController#index as HTML
  Rendering video_games/index.html.erb within layouts/application
  [1m[36mVideoGame Load (0.1ms)[0m  [1m[34mSELECT "video_games".* FROM "video_games"[0m
  Rendered video_games/index.html.erb within layouts/application (1.5ms)
Completed 200 OK in 29ms (Views: 27.3ms | ActiveRecord: 0.1ms)


Started GET "/video_games/new" for 127.0.0.1 at 2017-05-30 12:11:51 +0200
Processing by VideoGamesController#new as HTML
  Rendering video_games/new.html.erb within layouts/application
  Rendered video_games/new.html.erb within layouts/application (3.0ms)
Completed 200 OK in 54ms (Views: 51.8ms | ActiveRecord: 0.0ms)


Started POST "/video_games" for 127.0.0.1 at 2017-05-30 12:12:16 +0200
Processing by VideoGamesController#create as HTML
  Parameters: {"utf8"=>"✓", "authenticity_token"=>"5Rt7f+HYKAVg2ZWE+LzJPiXqUh1VKLsMgsEO/YyG/cZ7Hp86fu8zrDEYM8D28tB6MFXOCmFj3SpiA+M8MClgAw==", "video_game"=>{"title"=>"Uncharted", "description"=>"C'est en guise d'ouverture de son événement annuel que Sony a diffusé samedi dernier la toute première vidéo d'Uncharted : The Lost Legacy, un épisode en standalone qui explorera l'histoire de Nadine Ross et fera également revenir le personnage de Chloe Frazer. Dans un article sur son blog, le constructeur japonais nous précise tout d'abord que ce récit inédit débarquera l'année prochaine sur PlayStation 4 et sera vendu aussi bien en version digitale que physique ; à ce propos les possesseurs des éditions \"Deluxe\" ou \"Pack Explorateur\" bénéficieront gratuitement d'Uncharted : The Lost Legacy.", "editor"=>"ubisoft", "device"=>"PS4"}, "commit"=>"Create Video game"}
Completed 500 Internal Server Error in 2ms (ActiveRecord: 0.0ms)


  
ActiveModel::UnknownAttributeError (unknown attribute 'analysis' for VideoGame.):
  
app/controllers/video_games_controller.rb:35:in `create'
  Rendering /Users/sachamalka/.rbenv/versions/2.3.1/lib/ruby/gems/2.3.0/gems/actionpack-5.0.3/lib/action_dispatch/middleware/templates/rescues/diagnostics.html.erb within rescues/layout
  Rendering /Users/sachamalka/.rbenv/versions/2.3.1/lib/ruby/gems/2.3.0/gems/actionpack-5.0.3/lib/action_dispatch/middleware/templates/rescues/_source.html.erb
  Rendered /Users/sachamalka/.rbenv/versions/2.3.1/lib/ruby/gems/2.3.0/gems/actionpack-5.0.3/lib/action_dispatch/middleware/templates/rescues/_source.html.erb (3.1ms)
  Rendering /Users/sachamalka/.rbenv/versions/2.3.1/lib/ruby/gems/2.3.0/gems/actionpack-5.0.3/lib/action_dispatch/middleware/templates/rescues/_trace.html.erb
  Rendered /Users/sachamalka/.rbenv/versions/2.3.1/lib/ruby/gems/2.3.0/gems/actionpack-5.0.3/lib/action_dispatch/middleware/templates/rescues/_trace.html.erb (2.2ms)
  Rendering /Users/sachamalka/.rbenv/versions/2.3.1/lib/ruby/gems/2.3.0/gems/actionpack-5.0.3/lib/action_dispatch/middleware/templates/rescues/_request_and_response.html.erb
  Rendered /Users/sachamalka/.rbenv/versions/2.3.1/lib/ruby/gems/2.3.0/gems/actionpack-5.0.3/lib/action_dispatch/middleware/templates/rescues/_request_and_response.html.erb (2.5ms)
  Rendered /Users/sachamalka/.rbenv/versions/2.3.1/lib/ruby/gems/2.3.0/gems/actionpack-5.0.3/lib/action_dispatch/middleware/templates/rescues/diagnostics.html.erb within rescues/layout (88.8ms)
Started POST "/video_games" for 127.0.0.1 at 2017-05-30 12:12:44 +0200
Processing by VideoGamesController#create as HTML
  Parameters: {"utf8"=>"✓", "authenticity_token"=>"5Rt7f+HYKAVg2ZWE+LzJPiXqUh1VKLsMgsEO/YyG/cZ7Hp86fu8zrDEYM8D28tB6MFXOCmFj3SpiA+M8MClgAw==", "video_game"=>{"title"=>"Uncharted", "description"=>"C'est en guise d'ouverture de son événement annuel que Sony a diffusé samedi dernier la toute première vidéo d'Uncharted : The Lost Legacy, un épisode en standalone qui explorera l'histoire de Nadine Ross et fera également revenir le personnage de Chloe Frazer. Dans un article sur son blog, le constructeur japonais nous précise tout d'abord que ce récit inédit débarquera l'année prochaine sur PlayStation 4 et sera vendu aussi bien en version digitale que physique ; à ce propos les possesseurs des éditions \"Deluxe\" ou \"Pack Explorateur\" bénéficieront gratuitement d'Uncharted : The Lost Legacy.", "editor"=>"ubisoft", "device"=>"PS4"}, "commit"=>"Create Video game"}
Completed 500 Internal Server Error in 127ms (ActiveRecord: 0.0ms)


  
NameError (undefined local variable or method `analyses' for #<VideoGamesController:0x007f9774a248e8>
Did you mean?  analysis):
  
app/controllers/video_games_controller.rb:35:in `create'
  Rendering /Users/sachamalka/.rbenv/versions/2.3.1/lib/ruby/gems/2.3.0/gems/actionpack-5.0.3/lib/action_dispatch/middleware/templates/rescues/diagnostics.html.erb within rescues/layout
  Rendering /Users/sachamalka/.rbenv/versions/2.3.1/lib/ruby/gems/2.3.0/gems/actionpack-5.0.3/lib/action_dispatch/middleware/templates/rescues/_source.html.erb
  Rendered /Users/sachamalka/.rbenv/versions/2.3.1/lib/ruby/gems/2.3.0/gems/actionpack-5.0.3/lib/action_dispatch/middleware/templates/rescues/_source.html.erb (3.4ms)
  Rendering /Users/sachamalka/.rbenv/versions/2.3.1/lib/ruby/gems/2.3.0/gems/actionpack-5.0.3/lib/action_dispatch/middleware/templates/rescues/_trace.html.erb
  Rendered /Users/sachamalka/.rbenv/versions/2.3.1/lib/ruby/gems/2.3.0/gems/actionpack-5.0.3/lib/action_dispatch/middleware/templates/rescues/_trace.html.erb (1.7ms)
  Rendering /Users/sachamalka/.rbenv/versions/2.3.1/lib/ruby/gems/2.3.0/gems/actionpack-5.0.3/lib/action_dispatch/middleware/templates/rescues/_request_and_response.html.erb
  Rendered /Users/sachamalka/.rbenv/versions/2.3.1/lib/ruby/gems/2.3.0/gems/actionpack-5.0.3/lib/action_dispatch/middleware/templates/rescues/_request_and_response.html.erb (1.6ms)
  Rendered /Users/sachamalka/.rbenv/versions/2.3.1/lib/ruby/gems/2.3.0/gems/actionpack-5.0.3/lib/action_dispatch/middleware/templates/rescues/diagnostics.html.erb within rescues/layout (133.9ms)
Started POST "/video_games" for 127.0.0.1 at 2017-05-30 12:12:58 +0200
Processing by VideoGamesController#create as HTML
  Parameters: {"utf8"=>"✓", "authenticity_token"=>"5Rt7f+HYKAVg2ZWE+LzJPiXqUh1VKLsMgsEO/YyG/cZ7Hp86fu8zrDEYM8D28tB6MFXOCmFj3SpiA+M8MClgAw==", "video_game"=>{"title"=>"Uncharted", "description"=>"C'est en guise d'ouverture de son événement annuel que Sony a diffusé samedi dernier la toute première vidéo d'Uncharted : The Lost Legacy, un épisode en standalone qui explorera l'histoire de Nadine Ross et fera également revenir le personnage de Chloe Frazer. Dans un article sur son blog, le constructeur japonais nous précise tout d'abord que ce récit inédit débarquera l'année prochaine sur PlayStation 4 et sera vendu aussi bien en version digitale que physique ; à ce propos les possesseurs des éditions \"Deluxe\" ou \"Pack Explorateur\" bénéficieront gratuitement d'Uncharted : The Lost Legacy.", "editor"=>"ubisoft", "device"=>"PS4"}, "commit"=>"Create Video game"}
Completed 500 Internal Server Error in 39ms (ActiveRecord: 0.9ms)


  
NoMethodError (undefined method `each' for nil:NilClass):
  
app/controllers/video_games_controller.rb:35:in `create'
  Rendering /Users/sachamalka/.rbenv/versions/2.3.1/lib/ruby/gems/2.3.0/gems/actionpack-5.0.3/lib/action_dispatch/middleware/templates/rescues/diagnostics.html.erb within rescues/layout
  Rendering /Users/sachamalka/.rbenv/versions/2.3.1/lib/ruby/gems/2.3.0/gems/actionpack-5.0.3/lib/action_dispatch/middleware/templates/rescues/_source.html.erb
  Rendered /Users/sachamalka/.rbenv/versions/2.3.1/lib/ruby/gems/2.3.0/gems/actionpack-5.0.3/lib/action_dispatch/middleware/templates/rescues/_source.html.erb (3.0ms)
  Rendering /Users/sachamalka/.rbenv/versions/2.3.1/lib/ruby/gems/2.3.0/gems/actionpack-5.0.3/lib/action_dispatch/middleware/templates/rescues/_trace.html.erb
  Rendered /Users/sachamalka/.rbenv/versions/2.3.1/lib/ruby/gems/2.3.0/gems/actionpack-5.0.3/lib/action_dispatch/middleware/templates/rescues/_trace.html.erb (2.0ms)
  Rendering /Users/sachamalka/.rbenv/versions/2.3.1/lib/ruby/gems/2.3.0/gems/actionpack-5.0.3/lib/action_dispatch/middleware/templates/rescues/_request_and_response.html.erb
  Rendered /Users/sachamalka/.rbenv/versions/2.3.1/lib/ruby/gems/2.3.0/gems/actionpack-5.0.3/lib/action_dispatch/middleware/templates/rescues/_request_and_response.html.erb (1.1ms)
  Rendered /Users/sachamalka/.rbenv/versions/2.3.1/lib/ruby/gems/2.3.0/gems/actionpack-5.0.3/lib/action_dispatch/middleware/templates/rescues/diagnostics.html.erb within rescues/layout (75.8ms)
Started POST "/video_games" for 127.0.0.1 at 2017-05-30 12:13:13 +0200
Processing by VideoGamesController#create as HTML
  Parameters: {"utf8"=>"✓", "authenticity_token"=>"5Rt7f+HYKAVg2ZWE+LzJPiXqUh1VKLsMgsEO/YyG/cZ7Hp86fu8zrDEYM8D28tB6MFXOCmFj3SpiA+M8MClgAw==", "video_game"=>{"title"=>"Uncharted", "description"=>"C'est en guise d'ouverture de son événement annuel que Sony a diffusé samedi dernier la toute première vidéo d'Uncharted : The Lost Legacy, un épisode en standalone qui explorera l'histoire de Nadine Ross et fera également revenir le personnage de Chloe Frazer. Dans un article sur son blog, le constructeur japonais nous précise tout d'abord que ce récit inédit débarquera l'année prochaine sur PlayStation 4 et sera vendu aussi bien en version digitale que physique ; à ce propos les possesseurs des éditions \"Deluxe\" ou \"Pack Explorateur\" bénéficieront gratuitement d'Uncharted : The Lost Legacy.", "editor"=>"ubisoft", "device"=>"PS4"}, "commit"=>"Create Video game"}
Completed 500 Internal Server Error in 14ms (ActiveRecord: 0.6ms)


  
NoMethodError (undefined method `each' for nil:NilClass):
  
app/controllers/video_games_controller.rb:35:in `create'
  Rendering /Users/sachamalka/.rbenv/versions/2.3.1/lib/ruby/gems/2.3.0/gems/actionpack-5.0.3/lib/action_dispatch/middleware/templates/rescues/diagnostics.html.erb within rescues/layout
  Rendering /Users/sachamalka/.rbenv/versions/2.3.1/lib/ruby/gems/2.3.0/gems/actionpack-5.0.3/lib/action_dispatch/middleware/templates/rescues/_source.html.erb
  Rendered /Users/sachamalka/.rbenv/versions/2.3.1/lib/ruby/gems/2.3.0/gems/actionpack-5.0.3/lib/action_dispatch/middleware/templates/rescues/_source.html.erb (3.4ms)
  Rendering /Users/sachamalka/.rbenv/versions/2.3.1/lib/ruby/gems/2.3.0/gems/actionpack-5.0.3/lib/action_dispatch/middleware/templates/rescues/_trace.html.erb
  Rendered /Users/sachamalka/.rbenv/versions/2.3.1/lib/ruby/gems/2.3.0/gems/actionpack-5.0.3/lib/action_dispatch/middleware/templates/rescues/_trace.html.erb (1.4ms)
  Rendering /Users/sachamalka/.rbenv/versions/2.3.1/lib/ruby/gems/2.3.0/gems/actionpack-5.0.3/lib/action_dispatch/middleware/templates/rescues/_request_and_response.html.erb
  Rendered /Users/sachamalka/.rbenv/versions/2.3.1/lib/ruby/gems/2.3.0/gems/actionpack-5.0.3/lib/action_dispatch/middleware/templates/rescues/_request_and_response.html.erb (1.6ms)
  Rendered /Users/sachamalka/.rbenv/versions/2.3.1/lib/ruby/gems/2.3.0/gems/actionpack-5.0.3/lib/action_dispatch/middleware/templates/rescues/diagnostics.html.erb within rescues/layout (75.9ms)
Started POST "/video_games" for 127.0.0.1 at 2017-05-30 12:13:49 +0200
Processing by VideoGamesController#create as HTML
  Parameters: {"utf8"=>"✓", "authenticity_token"=>"5Rt7f+HYKAVg2ZWE+LzJPiXqUh1VKLsMgsEO/YyG/cZ7Hp86fu8zrDEYM8D28tB6MFXOCmFj3SpiA+M8MClgAw==", "video_game"=>{"title"=>"Uncharted", "description"=>"C'est en guise d'ouverture de son événement annuel que Sony a diffusé samedi dernier la toute première vidéo d'Uncharted : The Lost Legacy, un épisode en standalone qui explorera l'histoire de Nadine Ross et fera également revenir le personnage de Chloe Frazer. Dans un article sur son blog, le constructeur japonais nous précise tout d'abord que ce récit inédit débarquera l'année prochaine sur PlayStation 4 et sera vendu aussi bien en version digitale que physique ; à ce propos les possesseurs des éditions \"Deluxe\" ou \"Pack Explorateur\" bénéficieront gratuitement d'Uncharted : The Lost Legacy.", "editor"=>"ubisoft", "device"=>"PS4"}, "commit"=>"Create Video game"}
  [1m[35m (0.1ms)[0m  [1m[36mbegin transaction[0m
  [1m[35mSQL (1.2ms)[0m  [1m[32mINSERT INTO "video_games" ("title", "description", "device", "editor", "created_at", "updated_at") VALUES (?, ?, ?, ?, ?, ?)[0m  [["title", "Uncharted"], ["description", "C'est en guise d'ouverture de son événement annuel que Sony a diffusé samedi dernier la toute première vidéo d'Uncharted : The Lost Legacy, un épisode en standalone qui explorera l'histoire de Nadine Ross et fera également revenir le personnage de Chloe Frazer. Dans un article sur son blog, le constructeur japonais nous précise tout d'abord que ce récit inédit débarquera l'année prochaine sur PlayStation 4 et sera vendu aussi bien en version digitale que physique ; à ce propos les possesseurs des éditions \"Deluxe\" ou \"Pack Explorateur\" bénéficieront gratuitement d'Uncharted : The Lost Legacy."], ["device", "PS4"], ["editor", "ubisoft"], ["created_at", "2017-05-30 10:13:49.984093"], ["updated_at", "2017-05-30 10:13:49.984093"]]
  [1m[35m (0.6ms)[0m  [1m[36mcommit transaction[0m
Redirected to http://localhost:3000/video_games
Completed 302 Found in 17ms (ActiveRecord: 2.5ms)


Started GET "/video_games" for 127.0.0.1 at 2017-05-30 12:13:49 +0200
Processing by VideoGamesController#index as HTML
  Rendering video_games/index.html.erb within layouts/application
  [1m[36mVideoGame Load (0.1ms)[0m  [1m[34mSELECT "video_games".* FROM "video_games"[0m
  Rendered video_games/index.html.erb within layouts/application (10.5ms)
Completed 500 Internal Server Error in 17ms (ActiveRecord: 0.1ms)


  
ActionView::Template::Error (undefined method `analysis' for #<VideoGame:0x007f9774956bf0>
Did you mean?  analyses
               analysis_ids
               analyses=):
    19:       <tr>
    20:         <td><%= video_game.title %></td>
    21:         <td><%= video_game.description %></td>
    22:         <td><%= video_game.analysis %></td>
    23:         <td><%= video_game.device %></td>
    24:         <td><%= video_game.editor %></td>
    25:         <td><%= link_to 'Show', video_game %></td>
  
app/views/video_games/index.html.erb:22:in `block in _app_views_video_games_index_html_erb___329694797545074488_70144237356760'
app/views/video_games/index.html.erb:18:in `_app_views_video_games_index_html_erb___329694797545074488_70144237356760'
  Rendering /Users/sachamalka/.rbenv/versions/2.3.1/lib/ruby/gems/2.3.0/gems/actionpack-5.0.3/lib/action_dispatch/middleware/templates/rescues/template_error.html.erb within rescues/layout
  Rendering /Users/sachamalka/.rbenv/versions/2.3.1/lib/ruby/gems/2.3.0/gems/actionpack-5.0.3/lib/action_dispatch/middleware/templates/rescues/_source.html.erb
  Rendered /Users/sachamalka/.rbenv/versions/2.3.1/lib/ruby/gems/2.3.0/gems/actionpack-5.0.3/lib/action_dispatch/middleware/templates/rescues/_source.html.erb (4.5ms)
  Rendering /Users/sachamalka/.rbenv/versions/2.3.1/lib/ruby/gems/2.3.0/gems/actionpack-5.0.3/lib/action_dispatch/middleware/templates/rescues/_trace.html.erb
  Rendered /Users/sachamalka/.rbenv/versions/2.3.1/lib/ruby/gems/2.3.0/gems/actionpack-5.0.3/lib/action_dispatch/middleware/templates/rescues/_trace.html.erb (1.6ms)
  Rendering /Users/sachamalka/.rbenv/versions/2.3.1/lib/ruby/gems/2.3.0/gems/actionpack-5.0.3/lib/action_dispatch/middleware/templates/rescues/_request_and_response.html.erb
  Rendered /Users/sachamalka/.rbenv/versions/2.3.1/lib/ruby/gems/2.3.0/gems/actionpack-5.0.3/lib/action_dispatch/middleware/templates/rescues/_request_and_response.html.erb (0.9ms)
  Rendered /Users/sachamalka/.rbenv/versions/2.3.1/lib/ruby/gems/2.3.0/gems/actionpack-5.0.3/lib/action_dispatch/middleware/templates/rescues/template_error.html.erb within rescues/layout (82.2ms)
Started GET "/video_games" for 127.0.0.1 at 2017-05-30 12:14:18 +0200
Processing by VideoGamesController#index as HTML
  Rendering video_games/index.html.erb within layouts/application
  [1m[36mVideoGame Load (0.1ms)[0m  [1m[34mSELECT "video_games".* FROM "video_games"[0m
  Rendered video_games/index.html.erb within layouts/application (10.4ms)
Completed 500 Internal Server Error in 15ms (ActiveRecord: 0.1ms)


  
ActionView::Template::Error (undefined method `analysis' for #<VideoGame:0x007f976e27e400>
Did you mean?  analyses
               analysis_ids
               analyses=):
    49:       Fait par : <%= video_game.editor %>
    50:     </li>
    51:     <li>
    52:       Critiques : <%= video_game.analysis %>
    53:     </li>
    54:   </ul>
    55: 
  
app/views/video_games/index.html.erb:52:in `block in _app_views_video_games_index_html_erb___329694797545074488_70144189971340'
app/views/video_games/index.html.erb:36:in `_app_views_video_games_index_html_erb___329694797545074488_70144189971340'
  Rendering /Users/sachamalka/.rbenv/versions/2.3.1/lib/ruby/gems/2.3.0/gems/actionpack-5.0.3/lib/action_dispatch/middleware/templates/rescues/template_error.html.erb within rescues/layout
  Rendering /Users/sachamalka/.rbenv/versions/2.3.1/lib/ruby/gems/2.3.0/gems/actionpack-5.0.3/lib/action_dispatch/middleware/templates/rescues/_source.html.erb
  Rendered /Users/sachamalka/.rbenv/versions/2.3.1/lib/ruby/gems/2.3.0/gems/actionpack-5.0.3/lib/action_dispatch/middleware/templates/rescues/_source.html.erb (5.2ms)
  Rendering /Users/sachamalka/.rbenv/versions/2.3.1/lib/ruby/gems/2.3.0/gems/actionpack-5.0.3/lib/action_dispatch/middleware/templates/rescues/_trace.html.erb
  Rendered /Users/sachamalka/.rbenv/versions/2.3.1/lib/ruby/gems/2.3.0/gems/actionpack-5.0.3/lib/action_dispatch/middleware/templates/rescues/_trace.html.erb (2.0ms)
  Rendering /Users/sachamalka/.rbenv/versions/2.3.1/lib/ruby/gems/2.3.0/gems/actionpack-5.0.3/lib/action_dispatch/middleware/templates/rescues/_request_and_response.html.erb
  Rendered /Users/sachamalka/.rbenv/versions/2.3.1/lib/ruby/gems/2.3.0/gems/actionpack-5.0.3/lib/action_dispatch/middleware/templates/rescues/_request_and_response.html.erb (0.7ms)
  Rendered /Users/sachamalka/.rbenv/versions/2.3.1/lib/ruby/gems/2.3.0/gems/actionpack-5.0.3/lib/action_dispatch/middleware/templates/rescues/template_error.html.erb within rescues/layout (80.8ms)
Started GET "/video_games" for 127.0.0.1 at 2017-05-30 12:14:24 +0200
Processing by VideoGamesController#index as HTML
  Rendering video_games/index.html.erb within layouts/application
  [1m[36mVideoGame Load (0.1ms)[0m  [1m[34mSELECT "video_games".* FROM "video_games"[0m
  Rendered video_games/index.html.erb within layouts/application (9.8ms)
Completed 500 Internal Server Error in 17ms (ActiveRecord: 0.1ms)


  
ActionView::Template::Error (undefined method `analysis' for #<VideoGame:0x007f97748d9ad8>
Did you mean?  analyses
               analysis_ids
               analyses=):
    49:       Fait par : <%= video_game.editor %>
    50:     </li>
    51:     <!-- <li>
    52:       Critiques : <%= video_game.analysis %>
    53:     </li> -->
    54:   </ul>
    55: 
  
app/views/video_games/index.html.erb:52:in `block in _app_views_video_games_index_html_erb___329694797545074488_70144236324580'
app/views/video_games/index.html.erb:36:in `_app_views_video_games_index_html_erb___329694797545074488_70144236324580'
  Rendering /Users/sachamalka/.rbenv/versions/2.3.1/lib/ruby/gems/2.3.0/gems/actionpack-5.0.3/lib/action_dispatch/middleware/templates/rescues/template_error.html.erb within rescues/layout
  Rendering /Users/sachamalka/.rbenv/versions/2.3.1/lib/ruby/gems/2.3.0/gems/actionpack-5.0.3/lib/action_dispatch/middleware/templates/rescues/_source.html.erb
  Rendered /Users/sachamalka/.rbenv/versions/2.3.1/lib/ruby/gems/2.3.0/gems/actionpack-5.0.3/lib/action_dispatch/middleware/templates/rescues/_source.html.erb (3.8ms)
  Rendering /Users/sachamalka/.rbenv/versions/2.3.1/lib/ruby/gems/2.3.0/gems/actionpack-5.0.3/lib/action_dispatch/middleware/templates/rescues/_trace.html.erb
  Rendered /Users/sachamalka/.rbenv/versions/2.3.1/lib/ruby/gems/2.3.0/gems/actionpack-5.0.3/lib/action_dispatch/middleware/templates/rescues/_trace.html.erb (2.8ms)
  Rendering /Users/sachamalka/.rbenv/versions/2.3.1/lib/ruby/gems/2.3.0/gems/actionpack-5.0.3/lib/action_dispatch/middleware/templates/rescues/_request_and_response.html.erb
  Rendered /Users/sachamalka/.rbenv/versions/2.3.1/lib/ruby/gems/2.3.0/gems/actionpack-5.0.3/lib/action_dispatch/middleware/templates/rescues/_request_and_response.html.erb (0.7ms)
  Rendered /Users/sachamalka/.rbenv/versions/2.3.1/lib/ruby/gems/2.3.0/gems/actionpack-5.0.3/lib/action_dispatch/middleware/templates/rescues/template_error.html.erb within rescues/layout (75.4ms)
Started GET "/video_games" for 127.0.0.1 at 2017-05-30 12:14:30 +0200
Processing by VideoGamesController#index as HTML
  Rendering video_games/index.html.erb within layouts/application
  [1m[36mVideoGame Load (0.3ms)[0m  [1m[34mSELECT "video_games".* FROM "video_games"[0m
  Rendered video_games/index.html.erb within layouts/application (3.0ms)
Completed 200 OK in 33ms (Views: 30.4ms | ActiveRecord: 0.3ms)


Started GET "/video_games/1" for 127.0.0.1 at 2017-05-30 12:14:34 +0200
Processing by VideoGamesController#show as HTML
  Parameters: {"id"=>"1"}
  [1m[36mVideoGame Load (0.4ms)[0m  [1m[34mSELECT  "video_games".* FROM "video_games" WHERE "video_games"."id" = ? LIMIT ?[0m  [["id", 1], ["LIMIT", 1]]
  [1m[36mCACHE (0.0ms)[0m  [1m[34mSELECT  "video_games".* FROM "video_games" WHERE "video_games"."id" = ? LIMIT ?[0m  [["id", 1], ["LIMIT", 1]]
  Rendering video_games/show.html.erb within layouts/application
  Rendered video_games/show.html.erb within layouts/application (10.8ms)
Completed 500 Internal Server Error in 45ms (ActiveRecord: 0.4ms)


  
ActionView::Template::Error (undefined method `analysis' for #<VideoGame:0x007f976fb79ce8>
Did you mean?  analyses
               analysis_ids
               analyses=):
    12: 
    13: <p>
    14:   <strong>Analysis:</strong>
    15:   <%= @video_game.analysis %>
    16: </p>
    17: 
    18: <p>
  
app/views/video_games/show.html.erb:15:in `_app_views_video_games_show_html_erb__4222298919355494868_70144195544320'
  Rendering /Users/sachamalka/.rbenv/versions/2.3.1/lib/ruby/gems/2.3.0/gems/actionpack-5.0.3/lib/action_dispatch/middleware/templates/rescues/template_error.html.erb within rescues/layout
  Rendering /Users/sachamalka/.rbenv/versions/2.3.1/lib/ruby/gems/2.3.0/gems/actionpack-5.0.3/lib/action_dispatch/middleware/templates/rescues/_source.html.erb
  Rendered /Users/sachamalka/.rbenv/versions/2.3.1/lib/ruby/gems/2.3.0/gems/actionpack-5.0.3/lib/action_dispatch/middleware/templates/rescues/_source.html.erb (3.9ms)
  Rendering /Users/sachamalka/.rbenv/versions/2.3.1/lib/ruby/gems/2.3.0/gems/actionpack-5.0.3/lib/action_dispatch/middleware/templates/rescues/_trace.html.erb
  Rendered /Users/sachamalka/.rbenv/versions/2.3.1/lib/ruby/gems/2.3.0/gems/actionpack-5.0.3/lib/action_dispatch/middleware/templates/rescues/_trace.html.erb (1.9ms)
  Rendering /Users/sachamalka/.rbenv/versions/2.3.1/lib/ruby/gems/2.3.0/gems/actionpack-5.0.3/lib/action_dispatch/middleware/templates/rescues/_request_and_response.html.erb
  Rendered /Users/sachamalka/.rbenv/versions/2.3.1/lib/ruby/gems/2.3.0/gems/actionpack-5.0.3/lib/action_dispatch/middleware/templates/rescues/_request_and_response.html.erb (0.7ms)
  Rendered /Users/sachamalka/.rbenv/versions/2.3.1/lib/ruby/gems/2.3.0/gems/actionpack-5.0.3/lib/action_dispatch/middleware/templates/rescues/template_error.html.erb within rescues/layout (71.0ms)
Started GET "/video_games/1" for 127.0.0.1 at 2017-05-30 12:14:54 +0200
Processing by VideoGamesController#show as HTML
  Parameters: {"id"=>"1"}
  [1m[36mVideoGame Load (0.1ms)[0m  [1m[34mSELECT  "video_games".* FROM "video_games" WHERE "video_games"."id" = ? LIMIT ?[0m  [["id", 1], ["LIMIT", 1]]
  [1m[36mCACHE (0.0ms)[0m  [1m[34mSELECT  "video_games".* FROM "video_games" WHERE "video_games"."id" = ? LIMIT ?[0m  [["id", 1], ["LIMIT", 1]]
  Rendering video_games/show.html.erb within layouts/application
  Rendered video_games/show.html.erb within layouts/application (17.5ms)
Completed 200 OK in 44ms (Views: 41.5ms | ActiveRecord: 0.1ms)


Started GET "/video_games" for 127.0.0.1 at 2017-05-30 12:15:00 +0200
Processing by VideoGamesController#index as HTML
  Rendering video_games/index.html.erb within layouts/application
  [1m[36mVideoGame Load (0.2ms)[0m  [1m[34mSELECT "video_games".* FROM "video_games"[0m
  Rendered video_games/index.html.erb within layouts/application (2.7ms)
Completed 200 OK in 50ms (Views: 47.5ms | ActiveRecord: 0.2ms)


Started GET "/video_games/1" for 127.0.0.1 at 2017-05-30 12:15:38 +0200
Processing by VideoGamesController#show as HTML
  Parameters: {"id"=>"1"}
  [1m[36mVideoGame Load (0.2ms)[0m  [1m[34mSELECT  "video_games".* FROM "video_games" WHERE "video_games"."id" = ? LIMIT ?[0m  [["id", 1], ["LIMIT", 1]]
  [1m[36mCACHE (0.0ms)[0m  [1m[34mSELECT  "video_games".* FROM "video_games" WHERE "video_games"."id" = ? LIMIT ?[0m  [["id", 1], ["LIMIT", 1]]
  Rendering video_games/show.html.erb within layouts/application
  Rendered video_games/show.html.erb within layouts/application (1.3ms)
Completed 200 OK in 67ms (Views: 62.3ms | ActiveRecord: 0.2ms)


  [1m[36mActiveRecord::SchemaMigration Load (0.4ms)[0m  [1m[34mSELECT "schema_migrations".* FROM "schema_migrations"[0m
  [1m[36mActiveRecord::InternalMetadata Load (0.6ms)[0m  [1m[34mSELECT  "ar_internal_metadata".* FROM "ar_internal_metadata" WHERE "ar_internal_metadata"."key" = ? LIMIT ?[0m  [["key", "environment"], ["LIMIT", 1]]
  [1m[35m (0.1ms)[0m  [1m[36mbegin transaction[0m
  [1m[35m (0.1ms)[0m  [1m[36mcommit transaction[0m
  [1m[36mActiveRecord::SchemaMigration Load (0.1ms)[0m  [1m[34mSELECT "schema_migrations".* FROM "schema_migrations"[0m
  [1m[36mActiveRecord::SchemaMigration Load (0.2ms)[0m  [1m[34mSELECT "schema_migrations".* FROM "schema_migrations"[0m
Started GET "/" for 127.0.0.1 at 2017-05-30 12:40:37 +0200
  [1m[36mActiveRecord::SchemaMigration Load (0.4ms)[0m  [1m[34mSELECT "schema_migrations".* FROM "schema_migrations"[0m
Processing by VideoGamesController#index as HTML
  Rendering video_games/index.html.erb within layouts/application
  [1m[36mVideoGame Load (0.4ms)[0m  [1m[34mSELECT "video_games".* FROM "video_games"[0m
  Rendered video_games/index.html.erb within layouts/application (21.0ms)
Completed 200 OK in 349ms (Views: 326.1ms | ActiveRecord: 1.1ms)


Started GET "/admin" for 127.0.0.1 at 2017-05-30 12:40:49 +0200
  
ActionController::RoutingError (No route matches [GET] "/admin"):
  
actionpack (5.0.3) lib/action_dispatch/middleware/debug_exceptions.rb:53:in `call'
web-console (3.5.1) lib/web_console/middleware.rb:135:in `call_app'
web-console (3.5.1) lib/web_console/middleware.rb:28:in `block in call'
web-console (3.5.1) lib/web_console/middleware.rb:18:in `catch'
web-console (3.5.1) lib/web_console/middleware.rb:18:in `call'
actionpack (5.0.3) lib/action_dispatch/middleware/show_exceptions.rb:31:in `call'
railties (5.0.3) lib/rails/rack/logger.rb:36:in `call_app'
railties (5.0.3) lib/rails/rack/logger.rb:24:in `block in call'
activesupport (5.0.3) lib/active_support/tagged_logging.rb:69:in `block in tagged'
activesupport (5.0.3) lib/active_support/tagged_logging.rb:26:in `tagged'
activesupport (5.0.3) lib/active_support/tagged_logging.rb:69:in `tagged'
railties (5.0.3) lib/rails/rack/logger.rb:24:in `call'
sprockets-rails (3.2.0) lib/sprockets/rails/quiet_assets.rb:13:in `call'
actionpack (5.0.3) lib/action_dispatch/middleware/request_id.rb:24:in `call'
rack (2.0.3) lib/rack/method_override.rb:22:in `call'
rack (2.0.3) lib/rack/runtime.rb:22:in `call'
activesupport (5.0.3) lib/active_support/cache/strategy/local_cache_middleware.rb:28:in `call'
actionpack (5.0.3) lib/action_dispatch/middleware/executor.rb:12:in `call'
actionpack (5.0.3) lib/action_dispatch/middleware/static.rb:136:in `call'
rack (2.0.3) lib/rack/sendfile.rb:111:in `call'
railties (5.0.3) lib/rails/engine.rb:522:in `call'
puma (3.8.2) lib/puma/configuration.rb:224:in `call'
puma (3.8.2) lib/puma/server.rb:600:in `handle_request'
puma (3.8.2) lib/puma/server.rb:435:in `process_client'
puma (3.8.2) lib/puma/server.rb:299:in `block in run'
puma (3.8.2) lib/puma/thread_pool.rb:120:in `block in spawn_thread'
  Rendering /Users/sachamalka/.rbenv/versions/2.3.1/lib/ruby/gems/2.3.0/gems/actionpack-5.0.3/lib/action_dispatch/middleware/templates/rescues/routing_error.html.erb within rescues/layout
  Rendering /Users/sachamalka/.rbenv/versions/2.3.1/lib/ruby/gems/2.3.0/gems/actionpack-5.0.3/lib/action_dispatch/middleware/templates/rescues/_trace.html.erb
  Rendered /Users/sachamalka/.rbenv/versions/2.3.1/lib/ruby/gems/2.3.0/gems/actionpack-5.0.3/lib/action_dispatch/middleware/templates/rescues/_trace.html.erb (1.4ms)
  Rendered collection of /Users/sachamalka/.rbenv/versions/2.3.1/lib/ruby/gems/2.3.0/gems/actionpack-5.0.3/lib/action_dispatch/middleware/templates/routes/_route.html.erb [17 times] (11.6ms)
  Rendered /Users/sachamalka/.rbenv/versions/2.3.1/lib/ruby/gems/2.3.0/gems/actionpack-5.0.3/lib/action_dispatch/middleware/templates/routes/_table.html.erb (7.9ms)
  Rendering /Users/sachamalka/.rbenv/versions/2.3.1/lib/ruby/gems/2.3.0/gems/actionpack-5.0.3/lib/action_dispatch/middleware/templates/rescues/_request_and_response.html.erb
  Rendered /Users/sachamalka/.rbenv/versions/2.3.1/lib/ruby/gems/2.3.0/gems/actionpack-5.0.3/lib/action_dispatch/middleware/templates/rescues/_request_and_response.html.erb (1.1ms)
  Rendered /Users/sachamalka/.rbenv/versions/2.3.1/lib/ruby/gems/2.3.0/gems/actionpack-5.0.3/lib/action_dispatch/middleware/templates/rescues/routing_error.html.erb within rescues/layout (114.8ms)
